<?xml version="1.0" encoding="UTF-8"?>
<testng-results ignored="0" total="1" passed="1" failed="0" skipped="0">
  <reporter-output>
  </reporter-output>
  <suite started-at="2023-04-11T15:58:18 IST" name="Default suite" finished-at="2023-04-11T15:58:24 IST" duration-ms="6473">
    <groups>
    </groups>
    <test started-at="2023-04-11T15:58:18 IST" name="Default test" finished-at="2023-04-11T15:58:24 IST" duration-ms="6473">
      <class name="com.jenkinstest.App">
        <test-method signature="startBrowser()[pri:0, instance:com.jenkinstest.App@fd07cbb]" started-at="2023-04-11T15:58:18 IST" name="startBrowser" finished-at="2023-04-11T15:58:24 IST" duration-ms="6427" status="PASS">
          <reporter-output>
          </reporter-output>
        </test-method> <!-- startBrowser -->
      </class> <!-- com.jenkinstest.App -->
    </test> <!-- Default test -->
  </suite> <!-- Default suite -->
</testng-results>
